# JRE version: OpenJDK Runtime Environment (11.0.8+10) (build 11.0.8+10-b944.6842174)
# Java VM: OpenJDK 64-Bit Server VM (11.0.8+10-b944.6842174, mixed mode, tiered, compressed oops, g1 gc, windows-amd64)
Heap:
 garbage-first heap   total 342016K, used 164996K [0x0000000080000000, 0x0000000100000000)
  region size 1024K, 46 young (47104K), 2 survivors (2048K)
 Metaspace       used 131941K, capacity 136334K, committed 136696K, reserved 1169408K
  class space    used 15805K, capacity 17346K, committed 17484K, reserved 1048576K
GC Heap History (20 events):
Event: 9922.761 GC heap before
{Heap before GC invocations=303 (full 0):
 garbage-first heap   total 342016K, used 150173K [0x0000000080000000, 0x0000000100000000)
  region size 1024K, 16 young (16384K), 3 survivors (3072K)
 Metaspace       used 131810K, capacity 136258K, committed 136696K, reserved 1169408K
  class space    used 15803K, capacity 17345K, committed 17484K, reserved 1048576K
}
Event: 9922.765 GC heap after
{Heap after GC invocations=304 (full 0):
 garbage-first heap   total 342016K, used 119989K [0x0000000080000000, 0x0000000100000000)
  region size 1024K, 1 young (1024K), 1 survivors (1024K)
 Metaspace       used 131810K, capacity 136258K, committed 136696K, reserved 1169408K
  class space    used 15803K, capacity 17345K, committed 17484K, reserved 1048576K
}
Event: 10021.159 GC heap before
{Heap before GC invocations=304 (full 0):
 garbage-first heap   total 342016K, used 197813K [0x0000000080000000, 0x0000000100000000)
  region size 1024K, 79 young (80896K), 1 survivors (1024K)
 Metaspace       used 131838K, capacity 136264K, committed 136696K, reserved 1169408K
  class space    used 15803K, capacity 17345K, committed 17484K, reserved 1048576K
}
Event: 10021.171 GC heap after
{Heap after GC invocations=305 (full 0):
 garbage-first heap   total 342016K, used 124707K [0x0000000080000000, 0x0000000100000000)
  region size 1024K, 6 young (6144K), 6 survivors (6144K)
 Metaspace       used 131838K, capacity 136264K, committed 136696K, reserved 1169408K
  class space    used 15803K, capacity 17345K, committed 17484K, reserved 1048576K
}
Event: 10021.793 GC heap before
{Heap before GC invocations=306 (full 0):
 garbage-first heap   total 342016K, used 269091K [0x0000000080000000, 0x0000000100000000)
  region size 1024K, 129 young (132096K), 6 survivors (6144K)
 Metaspace       used 131850K, capacity 136266K, committed 136696K, reserved 1169408K
  class space    used 15803K, capacity 17345K, committed 17484K, reserved 1048576K
}
Event: 10021.803 GC heap after
{Heap after GC invocations=307 (full 0):
 garbage-first heap   total 342016K, used 127640K [0x0000000080000000, 0x0000000100000000)
  region size 1024K, 8 young (8192K), 8 survivors (8192K)
 Metaspace       used 131850K, capacity 136266K, committed 136696K, reserved 1169408K
  class space    used 15803K, capacity 17345K, committed 17484K, reserved 1048576K
}
Event: 10021.833 GC heap before
{Heap before GC invocations=307 (full 0):
 garbage-first heap   total 342016K, used 134808K [0x0000000080000000, 0x0000000100000000)
  region size 1024K, 16 young (16384K), 8 survivors (8192K)
 Metaspace       used 131850K, capacity 136266K, committed 136696K, reserved 1169408K
  class space    used 15803K, capacity 17345K, committed 17484K, reserved 1048576K
}
Event: 10021.844 GC heap after
{Heap after GC invocations=308 (full 0):
 garbage-first heap   total 342016K, used 126887K [0x0000000080000000, 0x0000000100000000)
  region size 1024K, 2 young (2048K), 2 survivors (2048K)
 Metaspace       used 131850K, capacity 136266K, committed 136696K, reserved 1169408K
  class space    used 15803K, capacity 17345K, committed 17484K, reserved 1048576K
}
Event: 10023.359 GC heap before
{Heap before GC invocations=308 (full 0):
 garbage-first heap   total 342016K, used 228263K [0x0000000080000000, 0x0000000100000000)
  region size 1024K, 103 young (105472K), 2 survivors (2048K)
 Metaspace       used 131853K, capacity 136266K, committed 136696K, reserved 1169408K
  class space    used 15804K, capacity 17345K, committed 17484K, reserved 1048576K
}
Event: 10023.366 GC heap after
{Heap after GC invocations=309 (full 0):
 garbage-first heap   total 342016K, used 128387K [0x0000000080000000, 0x0000000100000000)
  region size 1024K, 3 young (3072K), 3 survivors (3072K)
 Metaspace       used 131853K, capacity 136266K, committed 136696K, reserved 1169408K
  class space    used 15804K, capacity 17345K, committed 17484K, reserved 1048576K
}
Event: 10108.238 GC heap before
{Heap before GC invocations=310 (full 0):
 garbage-first heap   total 342016K, used 296323K [0x0000000080000000, 0x0000000100000000)
  region size 1024K, 135 young (138240K), 3 survivors (3072K)
 Metaspace       used 131909K, capacity 136330K, committed 136696K, reserved 1169408K
  class space    used 15804K, capacity 17345K, committed 17484K, reserved 1048576K
}
Event: 10108.247 GC heap after
{Heap after GC invocations=311 (full 0):
 garbage-first heap   total 342016K, used 133237K [0x0000000080000000, 0x0000000100000000)
  region size 1024K, 8 young (8192K), 8 survivors (8192K)
 Metaspace       used 131909K, capacity 136330K, committed 136696K, reserved 1169408K
  class space    used 15804K, capacity 17345K, committed 17484K, reserved 1048576K
}
Event: 10108.268 GC heap before
{Heap before GC invocations=311 (full 0):
 garbage-first heap   total 342016K, used 140405K [0x0000000080000000, 0x0000000100000000)
  region size 1024K, 16 young (16384K), 8 survivors (8192K)
 Metaspace       used 131909K, capacity 136330K, committed 136696K, reserved 1169408K
  class space    used 15804K, capacity 17345K, committed 17484K, reserved 1048576K
}
Event: 10108.285 GC heap after
{Heap after GC invocations=312 (full 0):
 garbage-first heap   total 342016K, used 127335K [0x0000000080000000, 0x0000000100000000)
  region size 1024K, 1 young (1024K), 1 survivors (1024K)
 Metaspace       used 131909K, capacity 136330K, committed 136696K, reserved 1169408K
  class space    used 15804K, capacity 17345K, committed 17484K, reserved 1048576K
}
Event: 10108.468 GC heap before
{Heap before GC invocations=312 (full 0):
 garbage-first heap   total 342016K, used 173415K [0x0000000080000000, 0x0000000100000000)
  region size 1024K, 47 young (48128K), 1 survivors (1024K)
 Metaspace       used 131912K, capacity 136330K, committed 136696K, reserved 1169408K
  class space    used 15804K, capacity 17345K, committed 17484K, reserved 1048576K
}
Event: 10108.475 GC heap after
{Heap after GC invocations=313 (full 0):
 garbage-first heap   total 342016K, used 127860K [0x0000000080000000, 0x0000000100000000)
  region size 1024K, 2 young (2048K), 2 survivors (2048K)
 Metaspace       used 131912K, capacity 136330K, committed 136696K, reserved 1169408K
  class space    used 15804K, capacity 17345K, committed 17484K, reserved 1048576K
}
Event: 10790.876 GC heap before
{Heap before GC invocations=314 (full 0):
 garbage-first heap   total 342016K, used 285556K [0x0000000080000000, 0x0000000100000000)
  region size 1024K, 139 young (142336K), 2 survivors (2048K)
 Metaspace       used 131932K, capacity 136334K, committed 136696K, reserved 1169408K
  class space    used 15804K, capacity 17346K, committed 17484K, reserved 1048576K
}
Event: 10790.909 GC heap after
{Heap after GC invocations=315 (full 0):
 garbage-first heap   total 342016K, used 128985K [0x0000000080000000, 0x0000000100000000)
  region size 1024K, 3 young (3072K), 3 survivors (3072K)
 Metaspace       used 131932K, capacity 136334K, committed 136696K, reserved 1169408K
  class space    used 15804K, capacity 17346K, committed 17484K, reserved 1048576K
}
Event: 10828.437 GC heap before
{Heap before GC invocations=315 (full 0):
 garbage-first heap   total 342016K, used 141273K [0x0000000080000000, 0x0000000100000000)
  region size 1024K, 16 young (16384K), 3 survivors (3072K)
 Metaspace       used 131937K, capacity 136334K, committed 136696K, reserved 1169408K
  class space    used 15804K, capacity 17346K, committed 17484K, reserved 1048576K
}
Event: 10828.453 GC heap after
{Heap after GC invocations=316 (full 0):
 garbage-first heap   total 342016K, used 121988K [0x0000000080000000, 0x0000000100000000)
  region size 1024K, 2 young (2048K), 2 survivors (2048K)
 Metaspace       used 131937K, capacity 136334K, committed 136696K, reserved 1169408K
  class space    used 15804K, capacity 17346K, committed 17484K, reserved 1048576K
}

