# JRE version: OpenJDK Runtime Environment (11.0.8+10) (build 11.0.8+10-b944.6842174)
# Java VM: OpenJDK 64-Bit Server VM (11.0.8+10-b944.6842174, mixed mode, tiered, compressed oops, g1 gc, windows-amd64)
Heap:
 garbage-first heap   total 236544K, used 205822K [0x0000000080000000, 0x0000000100000000)
  region size 1024K, 36 young (36864K), 4 survivors (4096K)
 Metaspace       used 80418K, capacity 82446K, committed 83072K, reserved 1122304K
  class space    used 10198K, capacity 10940K, committed 11136K, reserved 1048576K
GC Heap History (20 events):
Event: 12.373 GC heap before
{Heap before GC invocations=11 (full 0):
 garbage-first heap   total 196608K, used 133120K [0x0000000080000000, 0x0000000100000000)
  region size 1024K, 90 young (92160K), 11 survivors (11264K)
 Metaspace       used 71219K, capacity 72947K, committed 73216K, reserved 1112064K
  class space    used 9311K, capacity 9925K, committed 9984K, reserved 1048576K
}
Event: 12.398 GC heap after
{Heap after GC invocations=12 (full 0):
 garbage-first heap   total 236544K, used 58451K [0x0000000080000000, 0x0000000100000000)
  region size 1024K, 6 young (6144K), 6 survivors (6144K)
 Metaspace       used 71219K, capacity 72947K, committed 73216K, reserved 1112064K
  class space    used 9311K, capacity 9925K, committed 9984K, reserved 1048576K
}
Event: 14.394 GC heap before
{Heap before GC invocations=12 (full 0):
 garbage-first heap   total 236544K, used 151635K [0x0000000080000000, 0x0000000100000000)
  region size 1024K, 98 young (100352K), 6 survivors (6144K)
 Metaspace       used 74428K, capacity 76328K, committed 76544K, reserved 1116160K
  class space    used 9735K, capacity 10452K, committed 10496K, reserved 1048576K
}
Event: 14.404 GC heap after
{Heap after GC invocations=13 (full 0):
 garbage-first heap   total 236544K, used 67481K [0x0000000080000000, 0x0000000100000000)
  region size 1024K, 13 young (13312K), 13 survivors (13312K)
 Metaspace       used 74428K, capacity 76328K, committed 76544K, reserved 1116160K
  class space    used 9735K, capacity 10452K, committed 10496K, reserved 1048576K
}
Event: 16.119 GC heap before
{Heap before GC invocations=13 (full 0):
 garbage-first heap   total 236544K, used 160665K [0x0000000080000000, 0x0000000100000000)
  region size 1024K, 105 young (107520K), 13 survivors (13312K)
 Metaspace       used 76274K, capacity 78369K, committed 78592K, reserved 1118208K
  class space    used 9901K, capacity 10649K, committed 10752K, reserved 1048576K
}
Event: 16.135 GC heap after
{Heap after GC invocations=14 (full 0):
 garbage-first heap   total 236544K, used 75490K [0x0000000080000000, 0x0000000100000000)
  region size 1024K, 10 young (10240K), 10 survivors (10240K)
 Metaspace       used 76274K, capacity 78369K, committed 78592K, reserved 1118208K
  class space    used 9901K, capacity 10649K, committed 10752K, reserved 1048576K
}
Event: 17.202 GC heap before
{Heap before GC invocations=14 (full 0):
 garbage-first heap   total 236544K, used 169698K [0x0000000080000000, 0x0000000100000000)
  region size 1024K, 101 young (103424K), 10 survivors (10240K)
 Metaspace       used 79855K, capacity 81982K, committed 82304K, reserved 1120256K
  class space    used 10243K, capacity 11053K, committed 11136K, reserved 1048576K
}
Event: 17.221 GC heap after
{Heap after GC invocations=15 (full 0):
 garbage-first heap   total 236544K, used 94667K [0x0000000080000000, 0x0000000100000000)
  region size 1024K, 13 young (13312K), 13 survivors (13312K)
 Metaspace       used 79855K, capacity 81982K, committed 82304K, reserved 1120256K
  class space    used 10243K, capacity 11053K, committed 11136K, reserved 1048576K
}
Event: 17.765 GC heap before
{Heap before GC invocations=15 (full 0):
 garbage-first heap   total 236544K, used 161227K [0x0000000080000000, 0x0000000100000000)
  region size 1024K, 56 young (57344K), 13 survivors (13312K)
 Metaspace       used 80280K, capacity 82430K, committed 82560K, reserved 1120256K
  class space    used 10265K, capacity 11065K, committed 11136K, reserved 1048576K
}
Event: 17.785 GC heap after
{Heap after GC invocations=16 (full 0):
 garbage-first heap   total 236544K, used 119430K [0x0000000080000000, 0x0000000100000000)
  region size 1024K, 3 young (3072K), 3 survivors (3072K)
 Metaspace       used 80280K, capacity 82430K, committed 82560K, reserved 1120256K
  class space    used 10265K, capacity 11065K, committed 11136K, reserved 1048576K
}
Event: 18.292 GC heap before
{Heap before GC invocations=17 (full 0):
 garbage-first heap   total 236544K, used 155270K [0x0000000080000000, 0x0000000100000000)
  region size 1024K, 34 young (34816K), 3 survivors (3072K)
 Metaspace       used 80123K, capacity 82195K, committed 82816K, reserved 1120256K
  class space    used 10196K, capacity 10941K, committed 11136K, reserved 1048576K
}
Event: 18.303 GC heap after
{Heap after GC invocations=18 (full 0):
 garbage-first heap   total 236544K, used 125136K [0x0000000080000000, 0x0000000100000000)
  region size 1024K, 3 young (3072K), 3 survivors (3072K)
 Metaspace       used 80123K, capacity 82195K, committed 82816K, reserved 1120256K
  class space    used 10196K, capacity 10941K, committed 11136K, reserved 1048576K
}
Event: 18.732 GC heap before
{Heap before GC invocations=19 (full 0):
 garbage-first heap   total 236544K, used 163024K [0x0000000080000000, 0x0000000100000000)
  region size 1024K, 35 young (35840K), 3 survivors (3072K)
 Metaspace       used 80170K, capacity 82253K, committed 82816K, reserved 1120256K
  class space    used 10196K, capacity 10940K, committed 11136K, reserved 1048576K
}
Event: 18.745 GC heap after
{Heap after GC invocations=20 (full 0):
 garbage-first heap   total 236544K, used 122553K [0x0000000080000000, 0x0000000100000000)
  region size 1024K, 3 young (3072K), 3 survivors (3072K)
 Metaspace       used 80170K, capacity 82253K, committed 82816K, reserved 1120256K
  class space    used 10196K, capacity 10940K, committed 11136K, reserved 1048576K
}
Event: 19.198 GC heap before
{Heap before GC invocations=21 (full 0):
 garbage-first heap   total 236544K, used 165561K [0x0000000080000000, 0x0000000100000000)
  region size 1024K, 39 young (39936K), 3 survivors (3072K)
 Metaspace       used 80213K, capacity 82317K, committed 82816K, reserved 1120256K
  class space    used 10197K, capacity 10940K, committed 11136K, reserved 1048576K
}
Event: 19.215 GC heap after
{Heap after GC invocations=22 (full 0):
 garbage-first heap   total 236544K, used 124035K [0x0000000080000000, 0x0000000100000000)
  region size 1024K, 4 young (4096K), 4 survivors (4096K)
 Metaspace       used 80213K, capacity 82317K, committed 82816K, reserved 1120256K
  class space    used 10197K, capacity 10940K, committed 11136K, reserved 1048576K
}
Event: 19.863 GC heap before
{Heap before GC invocations=23 (full 0):
 garbage-first heap   total 236544K, used 203907K [0x0000000080000000, 0x0000000100000000)
  region size 1024K, 54 young (55296K), 4 survivors (4096K)
 Metaspace       used 80297K, capacity 82381K, committed 83072K, reserved 1122304K
  class space    used 10198K, capacity 10940K, committed 11136K, reserved 1048576K
}
Event: 19.877 GC heap after
{Heap after GC invocations=24 (full 0):
 garbage-first heap   total 236544K, used 138562K [0x0000000080000000, 0x0000000100000000)
  region size 1024K, 5 young (5120K), 5 survivors (5120K)
 Metaspace       used 80297K, capacity 82381K, committed 83072K, reserved 1122304K
  class space    used 10198K, capacity 10940K, committed 11136K, reserved 1048576K
}
Event: 20.350 GC heap before
{Heap before GC invocations=25 (full 0):
 garbage-first heap   total 236544K, used 218434K [0x0000000080000000, 0x0000000100000000)
  region size 1024K, 47 young (48128K), 5 survivors (5120K)
 Metaspace       used 80350K, capacity 82381K, committed 83072K, reserved 1122304K
  class space    used 10198K, capacity 10940K, committed 11136K, reserved 1048576K
}
Event: 20.368 GC heap after
{Heap after GC invocations=26 (full 0):
 garbage-first heap   total 236544K, used 166910K [0x0000000080000000, 0x0000000100000000)
  region size 1024K, 4 young (4096K), 4 survivors (4096K)
 Metaspace       used 80350K, capacity 82381K, committed 83072K, reserved 1122304K
  class space    used 10198K, capacity 10940K, committed 11136K, reserved 1048576K
}

