# JRE version: OpenJDK Runtime Environment (11.0.8+10) (build 11.0.8+10-b944.6842174)
# Java VM: OpenJDK 64-Bit Server VM (11.0.8+10-b944.6842174, mixed mode, tiered, compressed oops, g1 gc, windows-amd64)
Heap:
 garbage-first heap   total 380928K, used 258419K [0x0000000080000000, 0x0000000100000000)
  region size 1024K, 129 young (132096K), 5 survivors (5120K)
 Metaspace       used 110905K, capacity 113910K, committed 114044K, reserved 1148928K
  class space    used 13707K, capacity 14767K, committed 14892K, reserved 1048576K
GC Heap History (20 events):
Event: 103.200 GC heap before
{Heap before GC invocations=49 (full 0):
 garbage-first heap   total 317440K, used 251468K [0x0000000080000000, 0x0000000100000000)
  region size 1024K, 22 young (22528K), 1 survivors (1024K)
 Metaspace       used 105804K, capacity 108636K, committed 108796K, reserved 1144832K
  class space    used 13121K, capacity 14125K, committed 14252K, reserved 1048576K
}
Event: 103.204 GC heap after
{Heap after GC invocations=50 (full 0):
 garbage-first heap   total 317440K, used 222847K [0x0000000080000000, 0x0000000100000000)
  region size 1024K, 2 young (2048K), 2 survivors (2048K)
 Metaspace       used 105804K, capacity 108636K, committed 108796K, reserved 1144832K
  class space    used 13121K, capacity 14125K, committed 14252K, reserved 1048576K
}
Event: 103.763 GC heap before
{Heap before GC invocations=51 (full 0):
 garbage-first heap   total 317440K, used 263807K [0x0000000080000000, 0x0000000100000000)
  region size 1024K, 43 young (44032K), 2 survivors (2048K)
 Metaspace       used 105833K, capacity 108700K, committed 109052K, reserved 1144832K
  class space    used 13121K, capacity 14125K, committed 14252K, reserved 1048576K
}
Event: 103.772 GC heap after
{Heap after GC invocations=52 (full 0):
 garbage-first heap   total 380928K, used 219574K [0x0000000080000000, 0x0000000100000000)
  region size 1024K, 1 young (1024K), 1 survivors (1024K)
 Metaspace       used 105833K, capacity 108700K, committed 109052K, reserved 1144832K
  class space    used 13121K, capacity 14125K, committed 14252K, reserved 1048576K
}
Event: 104.294 GC heap before
{Heap before GC invocations=52 (full 0):
 garbage-first heap   total 380928K, used 326070K [0x0000000080000000, 0x0000000100000000)
  region size 1024K, 83 young (84992K), 1 survivors (1024K)
 Metaspace       used 105909K, capacity 108766K, committed 109052K, reserved 1144832K
  class space    used 13121K, capacity 14125K, committed 14252K, reserved 1048576K
}
Event: 104.298 GC heap after
{Heap after GC invocations=53 (full 0):
 garbage-first heap   total 380928K, used 239433K [0x0000000080000000, 0x0000000100000000)
  region size 1024K, 2 young (2048K), 2 survivors (2048K)
 Metaspace       used 105909K, capacity 108766K, committed 109052K, reserved 1144832K
  class space    used 13121K, capacity 14125K, committed 14252K, reserved 1048576K
}
Event: 104.541 GC heap before
{Heap before GC invocations=53 (full 0):
 garbage-first heap   total 380928K, used 284489K [0x0000000080000000, 0x0000000100000000)
  region size 1024K, 41 young (41984K), 2 survivors (2048K)
 Metaspace       used 105914K, capacity 108766K, committed 109052K, reserved 1144832K
  class space    used 13121K, capacity 14125K, committed 14252K, reserved 1048576K
}
Event: 104.547 GC heap after
{Heap after GC invocations=54 (full 0):
 garbage-first heap   total 380928K, used 234032K [0x0000000080000000, 0x0000000100000000)
  region size 1024K, 1 young (1024K), 1 survivors (1024K)
 Metaspace       used 105914K, capacity 108766K, committed 109052K, reserved 1144832K
  class space    used 13121K, capacity 14125K, committed 14252K, reserved 1048576K
}
Event: 105.153 GC heap before
{Heap before GC invocations=55 (full 0):
 garbage-first heap   total 380928K, used 303664K [0x0000000080000000, 0x0000000100000000)
  region size 1024K, 67 young (68608K), 1 survivors (1024K)
 Metaspace       used 105943K, capacity 108766K, committed 109052K, reserved 1144832K
  class space    used 13121K, capacity 14125K, committed 14252K, reserved 1048576K
}
Event: 105.158 GC heap after
{Heap after GC invocations=56 (full 0):
 garbage-first heap   total 380928K, used 224690K [0x0000000080000000, 0x0000000100000000)
  region size 1024K, 1 young (1024K), 1 survivors (1024K)
 Metaspace       used 105943K, capacity 108766K, committed 109052K, reserved 1144832K
  class space    used 13121K, capacity 14125K, committed 14252K, reserved 1048576K
}
Event: 105.676 GC heap before
{Heap before GC invocations=57 (full 0):
 garbage-first heap   total 380928K, used 305586K [0x0000000080000000, 0x0000000100000000)
  region size 1024K, 63 young (64512K), 1 survivors (1024K)
 Metaspace       used 105943K, capacity 108766K, committed 109052K, reserved 1144832K
  class space    used 13121K, capacity 14125K, committed 14252K, reserved 1048576K
}
Event: 105.681 GC heap after
{Heap after GC invocations=58 (full 0):
 garbage-first heap   total 380928K, used 193005K [0x0000000080000000, 0x0000000100000000)
  region size 1024K, 1 young (1024K), 1 survivors (1024K)
 Metaspace       used 105943K, capacity 108766K, committed 109052K, reserved 1144832K
  class space    used 13121K, capacity 14125K, committed 14252K, reserved 1048576K
}
Event: 106.209 GC heap before
{Heap before GC invocations=59 (full 0):
 garbage-first heap   total 380928K, used 303597K [0x0000000080000000, 0x0000000100000000)
  region size 1024K, 55 young (56320K), 1 survivors (1024K)
 Metaspace       used 105946K, capacity 108766K, committed 109052K, reserved 1144832K
  class space    used 13121K, capacity 14125K, committed 14252K, reserved 1048576K
}
Event: 106.214 GC heap after
{Heap after GC invocations=60 (full 0):
 garbage-first heap   total 380928K, used 237757K [0x0000000080000000, 0x0000000100000000)
  region size 1024K, 1 young (1024K), 1 survivors (1024K)
 Metaspace       used 105946K, capacity 108766K, committed 109052K, reserved 1144832K
  class space    used 13121K, capacity 14125K, committed 14252K, reserved 1048576K
}
Event: 106.881 GC heap before
{Heap before GC invocations=61 (full 0):
 garbage-first heap   total 380928K, used 351421K [0x0000000080000000, 0x0000000100000000)
  region size 1024K, 83 young (84992K), 1 survivors (1024K)
 Metaspace       used 105991K, capacity 108767K, committed 109052K, reserved 1144832K
  class space    used 13123K, capacity 14125K, committed 14252K, reserved 1048576K
}
Event: 106.884 GC heap after
{Heap after GC invocations=62 (full 0):
 garbage-first heap   total 380928K, used 208161K [0x0000000080000000, 0x0000000100000000)
  region size 1024K, 1 young (1024K), 1 survivors (1024K)
 Metaspace       used 105991K, capacity 108767K, committed 109052K, reserved 1144832K
  class space    used 13123K, capacity 14125K, committed 14252K, reserved 1048576K
}
Event: 107.929 GC heap before
{Heap before GC invocations=62 (full 0):
 garbage-first heap   total 380928K, used 308513K [0x0000000080000000, 0x0000000100000000)
  region size 1024K, 98 young (100352K), 1 survivors (1024K)
 Metaspace       used 106080K, capacity 108906K, committed 109052K, reserved 1144832K
  class space    used 13130K, capacity 14128K, committed 14252K, reserved 1048576K
}
Event: 107.940 GC heap after
{Heap after GC invocations=63 (full 0):
 garbage-first heap   total 380928K, used 203216K [0x0000000080000000, 0x0000000100000000)
  region size 1024K, 4 young (4096K), 4 survivors (4096K)
 Metaspace       used 106080K, capacity 108906K, committed 109052K, reserved 1144832K
  class space    used 13130K, capacity 14128K, committed 14252K, reserved 1048576K
}
Event: 111.028 GC heap before
{Heap before GC invocations=64 (full 0):
 garbage-first heap   total 380928K, used 322000K [0x0000000080000000, 0x0000000100000000)
  region size 1024K, 109 young (111616K), 4 survivors (4096K)
 Metaspace       used 110158K, capacity 113106K, committed 113404K, reserved 1148928K
  class space    used 13632K, capacity 14665K, committed 14764K, reserved 1048576K
}
Event: 111.040 GC heap after
{Heap after GC invocations=65 (full 0):
 garbage-first heap   total 380928K, used 133491K [0x0000000080000000, 0x0000000100000000)
  region size 1024K, 5 young (5120K), 5 survivors (5120K)
 Metaspace       used 110158K, capacity 113106K, committed 113404K, reserved 1148928K
  class space    used 13632K, capacity 14665K, committed 14764K, reserved 1048576K
}

